[debug] [2025-12-22T08:56:55.637Z] ----------------------------------------------------------------------
[debug] [2025-12-22T08:56:55.641Z] Command:       /Users/babinbe/.local/share/mise/installs/node/20.19.6/bin/node /Users/babinbe/.local/share/mise/installs/node/20/bin/firebase init hosting
[debug] [2025-12-22T08:56:55.641Z] CLI Version:   15.1.0
[debug] [2025-12-22T08:56:55.641Z] Platform:      darwin
[debug] [2025-12-22T08:56:55.641Z] Node Version:  v20.19.6
[debug] [2025-12-22T08:56:55.641Z] Time:          Mon Dec 22 2025 08:56:55 GMT+0000 (Greenwich Mean Time)
[debug] [2025-12-22T08:56:55.641Z] ----------------------------------------------------------------------
[debug] 
[info] 
     ######## #### ########  ######## ########     ###     ######  ########
     ##        ##  ##     ## ##       ##     ##  ##   ##  ##       ##
     ######    ##  ########  ######   ########  #########  ######  ######
     ##        ##  ##    ##  ##       ##     ## ##     ##       ## ##
     ##       #### ##     ## ######## ########  ##     ##  ######  ########

You're about to initialize a Firebase project in this directory:

  /Users/babinbe/Desktop/ebin_scripts/vacation_calendar_project

[info] 
=== Project Setup
[info] 
[info] First, let's associate this project directory with a Firebase project.
[info] You can create multiple project aliases by running firebase use --add, 
[info] 
